TN:
SF:src\index.js
FN:14,(anonymous_0)
FN:28,(anonymous_1)
FN:43,(anonymous_2)
FN:46,(anonymous_3)
FN:66,(anonymous_4)
FN:75,(anonymous_5)
FN:79,(anonymous_6)
FN:87,(anonymous_7)
FN:90,(anonymous_8)
FN:91,(anonymous_9)
FN:96,(anonymous_10)
FN:106,(anonymous_11)
FN:109,(anonymous_12)
FN:120,(anonymous_13)
FN:127,(anonymous_14)
FNF:15
FNH:15
FNDA:59,(anonymous_0)
FNDA:61,(anonymous_1)
FNDA:1,(anonymous_2)
FNDA:4,(anonymous_3)
FNDA:67,(anonymous_4)
FNDA:68,(anonymous_5)
FNDA:68,(anonymous_6)
FNDA:77,(anonymous_7)
FNDA:26,(anonymous_8)
FNDA:29,(anonymous_9)
FNDA:21,(anonymous_10)
FNDA:74,(anonymous_11)
FNDA:66,(anonymous_12)
FNDA:71,(anonymous_13)
FNDA:64,(anonymous_14)
DA:5,5
DA:6,5
DA:7,5
DA:8,5
DA:9,5
DA:10,5
DA:15,59
DA:16,59
DA:17,59
DA:25,59
DA:29,61
DA:30,61
DA:31,61
DA:34,61
DA:37,61
DA:40,61
DA:43,61
DA:47,4
DA:48,4
DA:49,4
DA:50,4
DA:51,4
DA:52,4
DA:53,4
DA:54,4
DA:55,4
DA:56,4
DA:57,4
DA:58,4
DA:59,4
DA:60,4
DA:61,4
DA:62,4
DA:63,4
DA:67,67
DA:68,67
DA:69,67
DA:70,67
DA:71,67
DA:72,67
DA:76,68
DA:79,68
DA:80,68
DA:84,68
DA:89,77
DA:90,77
DA:91,26
DA:92,29
DA:93,29
DA:94,29
DA:95,29
DA:96,29
DA:97,21
DA:102,77
DA:103,77
DA:107,74
DA:109,74
DA:110,66
DA:111,66
DA:112,66
DA:113,66
DA:114,66
DA:115,66
DA:116,66
DA:121,71
DA:122,0
DA:124,71
DA:128,64
DA:129,64
DA:130,64
DA:131,64
DA:132,64
DA:133,64
DA:134,64
DA:135,64
DA:136,64
DA:137,64
DA:138,64
DA:139,64
DA:140,64
DA:141,64
DA:142,64
DA:143,64
DA:148,5
DA:151,5
DA:152,5
DA:156,5
DA:157,5
DA:160,5
DA:161,5
DA:162,5
LF:91
LH:90
BRDA:93,0,0,27
BRDA:93,0,1,2
BRDA:121,1,0,0
BRDA:121,1,1,71
BRDA:151,2,0,5
BRDA:151,2,1,0
BRDA:151,3,0,5
BRDA:151,3,1,5
BRDA:156,4,0,5
BRDA:156,4,1,0
BRF:10
BRH:7
end_of_record
