TN:
SF:src\index.js
FN:4,(anonymous_0)
FN:12,(anonymous_1)
FN:21,(anonymous_2)
FN:28,(anonymous_3)
FN:62,(anonymous_4)
FN:64,(anonymous_5)
FN:68,(anonymous_6)
FN:77,(anonymous_7)
FN:83,(anonymous_8)
FN:121,(anonymous_9)
FN:128,(anonymous_10)
FN:136,(anonymous_11)
FN:143,(anonymous_12)
FN:154,(anonymous_13)
FN:160,(anonymous_14)
FN:168,(anonymous_15)
FN:173,(anonymous_16)
FN:179,(anonymous_17)
FN:180,(anonymous_18)
FN:185,(anonymous_19)
FN:186,(anonymous_20)
FN:192,(anonymous_21)
FN:202,(anonymous_22)
FN:207,(anonymous_23)
FN:231,(anonymous_24)
FN:247,(anonymous_25)
FN:252,(anonymous_26)
FN:262,(anonymous_27)
FN:271,(anonymous_28)
FN:277,(anonymous_29)
FN:280,(anonymous_30)
FN:298,(anonymous_31)
FN:320,(anonymous_32)
FN:323,(anonymous_33)
FN:332,(anonymous_34)
FN:362,(anonymous_35)
FNF:36
FNH:32
FNDA:166,(anonymous_0)
FNDA:137,(anonymous_1)
FNDA:0,(anonymous_2)
FNDA:139,(anonymous_3)
FNDA:139,(anonymous_4)
FNDA:0,(anonymous_5)
FNDA:0,(anonymous_6)
FNDA:4,(anonymous_7)
FNDA:1082,(anonymous_8)
FNDA:4,(anonymous_9)
FNDA:33,(anonymous_10)
FNDA:26,(anonymous_11)
FNDA:24,(anonymous_12)
FNDA:1,(anonymous_13)
FNDA:1,(anonymous_14)
FNDA:142,(anonymous_15)
FNDA:568,(anonymous_16)
FNDA:284,(anonymous_17)
FNDA:2,(anonymous_18)
FNDA:284,(anonymous_19)
FNDA:2,(anonymous_20)
FNDA:2,(anonymous_21)
FNDA:4,(anonymous_22)
FNDA:256,(anonymous_23)
FNDA:57,(anonymous_24)
FNDA:139,(anonymous_25)
FNDA:8,(anonymous_26)
FNDA:436,(anonymous_27)
FNDA:1,(anonymous_28)
FNDA:44,(anonymous_29)
FNDA:44,(anonymous_30)
FNDA:43,(anonymous_31)
FNDA:7,(anonymous_32)
FNDA:7,(anonymous_33)
FNDA:2,(anonymous_34)
FNDA:0,(anonymous_35)
DA:5,166
DA:6,166
DA:7,166
DA:8,166
DA:9,166
DA:14,137
DA:16,137
DA:17,137
DA:20,137
DA:21,1
DA:24,136
DA:30,139
DA:31,139
DA:32,139
DA:33,139
DA:35,139
DA:37,1
DA:38,0
DA:40,1
DA:44,138
DA:54,138
DA:57,138
DA:59,138
DA:64,139
DA:67,139
DA:68,139
DA:72,139
DA:73,138
DA:77,139
DA:80,139
DA:84,1082
DA:86,1081
DA:88,1081
DA:89,211
DA:95,211
DA:98,870
DA:100,870
DA:101,869
DA:103,1
DA:105,1
DA:106,1
DA:108,1
DA:109,1
DA:111,1
DA:113,1
DA:114,1
DA:116,1
DA:117,1
DA:122,4
DA:123,4
DA:125,1
DA:129,33
DA:130,2
DA:131,2
DA:134,31
DA:136,31
DA:138,26
DA:139,26
DA:140,26
DA:143,31
DA:144,24
DA:145,24
DA:146,24
DA:148,24
DA:149,0
DA:151,24
DA:154,31
DA:155,1
DA:156,1
DA:157,1
DA:160,31
DA:161,1
DA:162,1
DA:165,31
DA:170,142
DA:173,142
DA:174,568
DA:175,568
DA:179,142
DA:180,284
DA:181,2
DA:185,142
DA:186,284
DA:187,2
DA:192,142
DA:193,2
DA:194,2
DA:196,2
DA:197,2
DA:203,4
DA:204,3
DA:209,256
DA:210,4
DA:211,4
DA:215,256
DA:216,252
DA:217,252
DA:218,252
DA:221,252
DA:226,252
DA:227,252
DA:232,57
DA:233,57
DA:234,57
DA:236,56
DA:237,56
DA:238,56
DA:239,56
DA:240,56
DA:241,56
DA:242,56
DA:244,56
DA:248,139
DA:249,139
DA:251,139
DA:252,138
DA:253,8
DA:256,8
DA:257,8
DA:258,8
DA:262,138
DA:263,436
DA:264,428
DA:265,428
DA:266,428
DA:271,138
DA:272,1
DA:277,139
DA:281,44
DA:284,43
DA:287,43
DA:290,43
DA:293,43
DA:295,43
DA:300,43
DA:301,43
DA:302,43
DA:317,43
DA:320,43
DA:321,7
DA:322,7
DA:323,7
DA:324,7
DA:325,1
DA:333,2
DA:334,2
DA:335,2
DA:336,2
DA:337,2
DA:338,2
DA:339,2
DA:340,2
DA:341,2
DA:342,2
DA:343,2
DA:344,2
DA:345,2
DA:346,2
DA:347,2
DA:348,2
DA:349,2
DA:350,2
DA:358,10
DA:359,0
DA:360,0
DA:361,0
DA:362,0
DA:364,0
DA:365,0
DA:366,0
LF:170
LH:161
BRDA:14,0,0,0
BRDA:14,0,1,137
BRDA:20,1,0,1
BRDA:20,1,1,136
BRDA:35,2,0,1
BRDA:35,2,1,138
BRDA:35,3,0,139
BRDA:35,3,1,138
BRDA:37,4,0,0
BRDA:37,4,1,1
BRDA:67,5,0,139
BRDA:67,5,1,0
BRDA:72,6,0,138
BRDA:72,6,1,1
BRDA:84,7,0,1
BRDA:84,7,1,1081
BRDA:84,8,0,1082
BRDA:84,8,1,1082
BRDA:88,9,0,211
BRDA:88,9,1,870
BRDA:123,10,0,3
BRDA:123,10,1,1
BRDA:129,11,0,2
BRDA:129,11,1,31
BRDA:148,12,0,0
BRDA:148,12,1,24
BRDA:170,13,0,0
BRDA:170,13,1,142
BRDA:196,14,0,2
BRDA:196,14,1,0
BRDA:209,15,0,4
BRDA:209,15,1,252
BRDA:209,16,0,256
BRDA:209,16,1,253
BRDA:209,16,2,4
BRDA:215,17,0,252
BRDA:215,17,1,4
BRDA:215,18,0,256
BRDA:215,18,1,252
BRDA:232,19,0,57
BRDA:232,19,1,0
BRDA:251,20,0,138
BRDA:251,20,1,1
BRDA:251,21,0,139
BRDA:251,21,1,138
BRDA:257,22,0,6
BRDA:257,22,1,2
BRDA:258,23,0,6
BRDA:258,23,1,2
BRDA:263,24,0,428
BRDA:263,24,1,8
BRDA:263,25,0,436
BRDA:263,25,1,436
BRDA:281,26,0,1
BRDA:281,26,1,43
BRDA:324,27,0,1
BRDA:324,27,1,6
BRDA:358,28,0,0
BRDA:358,28,1,10
BRDA:358,29,0,10
BRDA:358,29,1,10
BRF:61
BRH:53
end_of_record
